<?xml version="1.0" encoding="UTF-8"?>
<!-- Generated by org.testng.reporters.JUnitReportReporter -->
<testsuite hostname="ojt19-PC" name="driverScript.AppTest" tests="1" failures="0" timestamp="20 Feb 2020 04:50:07 GMT" time="21.541" errors="0">
  <testcase name="f1" time="21.541" classname="driverScript.AppTest"/>
</testsuite> <!-- driverScript.AppTest -->
